
// File generated by darts version U-2022.12#3eec2545bc#230622, Mon Jan 27 15:58:53 2025
// Copyright 2014-2022 Synopsys, Inc. All rights reserved.
// darts -I/home/cad/xilinx/Vitis/2023.2/aietools/data/aie_ml/lib -d -h -I/home/cad/xilinx/Vitis/2023.2/aietools/data/aie_ml/lib/runtime_cxx/libcxx-lite/include -I/home/cad/xilinx/Vitis/2023.2/aietools/data/aie_ml/lib/runtime_cxx/libs/libcxx-9.0.0/include-lite -I/home/cad/xilinx/Vitis/2023.2/aietools/data/aie_ml/lib/runtime/include -I/home/cad/xilinx/Vitis/2023.2/aietools/tps/boost_1_64_0 -D__AIENGINE__ -D__AIE_ARCH__=20 -D__AIEARCH__=20 -D__tct_tgt__=230622 -L +Ihex +nanno /home/projects/aie/tsuboi/mlir-aie/my_programming/Bigger_NTT/single_core_5/build/aie_trace.mlir.prj/input.o me

// Release: ipp U-2022.12-TGT-230622
.undef global data _ZN12me_primitive11control_satE

.undef global data _ZN12me_primitive11control_rndE

.undef global data _anonymous0

.undef global data of_in_FIFO_cons_buff_0

.undef global data of_in_factor_FIFO_cons_buff_0

.undef global data out_buff_0

.text_segment_name
.text global 16 core_0_2
.function_start
	     0    0x00 0x03 0x40 0x01 0x10 0x08 0x04 0x4b 0x28 0x3b                                                              PADDB [sp], #64;                                            MOVX r17, #0;                 MOV r0, r17
	    10    0x00 0x04 0x0f 0xff 0xe0 0x3f 0x27 0xe8 0x64 0x8b 0x28 0x77                      MOVA r16, #0;                                               ST r16, [sp, #-4];            MOVX r18, #-1;                MOV r3, r18
	    22    0xff 0x8e 0xd0 0x00 0x85 0xcb 0x20 0x03                                                                                                      ST p6, [sp, #-32];                                          MOV r4, r23
	    30    0xff 0x9f 0xd0 0x00 0x25 0x8b 0x20 0x03                                                                                                      ST p7, [sp, #-28];                                          MOV r1, r22
	    38    0xff 0xad 0x00 0x00 0x45 0x4b 0x20 0x03                                                                                                      ST r20, [sp, #-24];                                         MOV r2, r21
	    46    0xff 0xb9 0x00 0x00 0xa4 0xcb 0x20 0x03                                                                                                      ST r4, [sp, #-20];                                          MOV r5, r19
	    54    0x0f 0xfe 0x42 0x19                                                                                                                          ST r1, [sp, #-16]
	    58    0x0f 0xfe 0xc4 0x19                                                                                                                          ST r2, [sp, #-12]
	    62    0x0f 0xff 0x4a 0x19                                                                                                                          ST r5, [sp, #-8]
	    66    0x0f 0xfb 0xc6 0x19                                                                                                                          ST r3, [sp, #-36]
	    70    0x0f 0xfb 0x40 0x19                                                                                                                          ST r0, [sp, #-40]
	    74    0x00 0x00 0x07 0xfa 0xc2 0xb5                                                    NOPA;                                                       ST lr, [sp, #-44]
.label TGT_Fcore_0_2_80
.loop_nesting 1
.no_stack_arguments
	    80    0x00 0x00 0x00 0x00 0x01 0x15                                                                                                                                              JL #llvm___aie2___acquire
.delay_slot
	    86    0x00 0x00 0x06 0x28 0x27 0xff 0xc8 0x43                                                                                                                                    MOVX r0, #49;                 MOV r1, #-1
.delay_slot
.swstall delay_slot
	    94    0x00 0x01                                                                        NOPX
.delay_slot
.swstall delay_slot
	    96    0x00 0x01                                                                        NOPX
.delay_slot
.swstall delay_slot
	    98    0x00 0x01                                                                        NOPX
.delay_slot
.swstall delay_slot
	   100    0x00 0x00 0x00 0x00 0x00 0x00 0x00 0x00 0x00 0x00 0x01 0x37                      NOPA;                         NOPB;                         NOPS;                         NOPX
.return_address
.no_stack_arguments
	   112    0x00 0x00 0x00 0x00 0x01 0x15                                                                                                                                              JL #llvm___aie2___acquire
.delay_slot
	   118    0x00 0x00 0x06 0x68 0x27 0xff 0xc8 0x43                                                                                                                                    MOVX r0, #51;                 MOV r1, #-1
.delay_slot
.swstall delay_slot
	   126    0x00 0x01                                                                        NOPX
.delay_slot
.swstall delay_slot
	   128    0x00 0x01                                                                        NOPX
.delay_slot
.swstall delay_slot
	   130    0x00 0x01                                                                        NOPX
.delay_slot
.swstall delay_slot
	   132    0x00 0x00 0x00 0x00 0x00 0x00 0x00 0x00 0x00 0x00 0x01 0x37                      NOPA;                         NOPB;                         NOPS;                         NOPX
.return_address
	   144    0x00 0x03 0xf2 0x9f 0xf8 0x55                                                                                                                                              MOVXM r5, #262140
.no_stack_arguments
	   150    0x00 0x00 0x00 0x00 0x01 0x15                                                                                                                                              JL #NTT_stage_down
.delay_slot
	   156    0x00 0x01 0x01 0x80 0x02 0x55                                                                                                                                              MOVXM r3, #65537
.delay_slot
	   162    0x00 0x20 0x08 0x00 0x00 0x01 0x18 0x00 0x10 0xbb                                MOVA r0, #1;                                                                              MOVXM p2, #_anonymous0
.delay_slot
	   172    0x02 0x21 0x08 0x00 0x00 0x00 0x18 0x00 0x10 0xbb                                MOVA r4, #17;                                                                             MOVXM p0, #of_in_FIFO_cons_buff_0
.delay_slot
	   182    0x01 0x80 0x48 0x00 0x00 0x00 0x98 0x00 0x10 0xbb                                MOVA r1, #12;                                                                             MOVXM p1, #of_in_FIFO_cons_buff_0
.delay_slot
	   192    0x00 0x00 0x01 0x80 0x88 0x00 0x00 0x00 0x00 0x01 0x98 0x00 0x10 0x00 0x03 0xc0  MOVA r2, #12;                 NOPB;                         NOPS;                         MOVXM p3, #of_in_factor_FIFO_cons_buff_0;                             NOPV
.return_address
	   208    0x00 0x00 0x04 0x60 0x00 0x55                                                                                                                                              MOVXM p2, #_anonymous0
.no_stack_arguments
	   214    0x00 0x00 0x00 0x00 0x01 0x15                                                                                                                                              JL #NTT_stage_down
.delay_slot
	   220    0x00 0x00 0x02 0x60 0x00 0x55                                                                                                                                              MOVXM p1, #of_in_FIFO_cons_buff_0
.delay_slot
	   226    0x00 0x40 0x08 0x00 0x00 0x00 0x18 0x00 0x10 0xbb                                MOVA r0, #2;                                                                              MOVXM p0, #of_in_FIFO_cons_buff_0
.delay_slot
	   236    0x01 0x80 0x48 0x00 0x00 0x01 0x98 0x00 0x10 0xbb                                MOVA r1, #12;                                                                             MOVXM p3, #of_in_factor_FIFO_cons_buff_0
.delay_slot
	   246    0x01 0x80 0x88 0x00 0x00 0x40 0x60 0x00 0x90 0xbb                                MOVA r2, #12;                                                                             MOVXM r3, #65537
.delay_slot
	   256    0x00 0x00 0x02 0x21 0x08 0x00 0x00 0x00 0x00 0xfc 0xa7 0xfe 0x10 0x00 0x03 0xc0  MOVA r4, #17;                 NOPB;                         NOPS;                         MOVXM r5, #262140;                                                    NOPV
.return_address
	   272    0x00 0x00 0x00 0x60 0x00 0x55                                                                                                                                              MOVXM p0, #of_in_FIFO_cons_buff_0
.no_stack_arguments
	   278    0x00 0x00 0x00 0x00 0x01 0x15                                                                                                                                              JL #NTT_stage_down
.delay_slot
	   284    0x00 0x00 0x06 0x60 0x00 0x55                                                                                                                                              MOVXM p3, #of_in_factor_FIFO_cons_buff_0
.delay_slot
	   290    0x00 0x60 0x08 0x00 0x00 0x00 0x98 0x00 0x10 0xbb                                MOVA r0, #3;                                                                              MOVXM p1, #of_in_FIFO_cons_buff_0
.delay_slot
	   300    0x01 0x80 0x88 0x00 0x00 0x01 0x18 0x00 0x10 0xbb                                MOVA r2, #12;                                                                             MOVXM p2, #_anonymous0
.delay_slot
	   310    0x01 0x80 0x48 0x00 0x00 0x40 0x60 0x00 0x90 0xbb                                MOVA r1, #12;                                                                             MOVXM r3, #65537
.delay_slot
	   320    0x00 0x00 0x02 0x21 0x08 0x00 0x00 0x00 0x00 0xfc 0xa7 0xfe 0x10 0x00 0x03 0xc0  MOVA r4, #17;                 NOPB;                         NOPS;                         MOVXM r5, #262140;                                                    NOPV
.return_address
	   336    0x00 0x00 0x06 0x60 0x00 0x55                                                                                                                                              MOVXM p3, #of_in_factor_FIFO_cons_buff_0
.no_stack_arguments
	   342    0x00 0x00 0x00 0x00 0x01 0x15                                                                                                                                              JL #NTT_stage_down
.delay_slot
	   348    0x00 0x00 0x02 0x60 0x00 0x55                                                                                                                                              MOVXM p1, #of_in_FIFO_cons_buff_0
.delay_slot
	   354    0x00 0x80 0x08 0x00 0x00 0x00 0x18 0x00 0x10 0xbb                                MOVA r0, #4;                                                                              MOVXM p0, #of_in_FIFO_cons_buff_0
.delay_slot
	   364    0x01 0x80 0x48 0x00 0x00 0x01 0x18 0x00 0x10 0xbb                                MOVA r1, #12;                                                                             MOVXM p2, #_anonymous0
.delay_slot
	   374    0x01 0x80 0x88 0x00 0x00 0x40 0x60 0x00 0x90 0xbb                                MOVA r2, #12;                                                                             MOVXM r3, #65537
.delay_slot
	   384    0x00 0x00 0x02 0x21 0x08 0x00 0x00 0x00 0x00 0xfc 0xa7 0xfe 0x10 0x00 0x03 0xc0  MOVA r4, #17;                 NOPB;                         NOPS;                         MOVXM r5, #262140;                                                    NOPV
.return_address
	   400    0x00 0x00 0x04 0x60 0x00 0x55                                                                                                                                              MOVXM p2, #_anonymous0
.no_stack_arguments
	   406    0x00 0x00 0x00 0x00 0x01 0x15                                                                                                                                              JL #NTT_stage_down
.delay_slot
	   412    0x00 0x00 0x02 0x60 0x00 0x55                                                                                                                                              MOVXM p1, #of_in_FIFO_cons_buff_0
.delay_slot
	   418    0x00 0xa0 0x08 0x00 0x00 0x00 0x18 0x00 0x10 0xbb                                MOVA r0, #5;                                                                              MOVXM p0, #of_in_FIFO_cons_buff_0
.delay_slot
	   428    0x01 0x80 0x48 0x00 0x00 0x01 0x98 0x00 0x10 0xbb                                MOVA r1, #12;                                                                             MOVXM p3, #of_in_factor_FIFO_cons_buff_0
.delay_slot
	   438    0x01 0x80 0x88 0x00 0x00 0x40 0x60 0x00 0x90 0xbb                                MOVA r2, #12;                                                                             MOVXM r3, #65537
.delay_slot
	   448    0x00 0x00 0x02 0x21 0x08 0x00 0x00 0x00 0x00 0xfc 0xa7 0xfe 0x10 0x00 0x03 0xc0  MOVA r4, #17;                 NOPB;                         NOPS;                         MOVXM r5, #262140;                                                    NOPV
.return_address
	   464    0x00 0x00 0x00 0x60 0x00 0x55                                                                                                                                              MOVXM p0, #of_in_FIFO_cons_buff_0
.no_stack_arguments
	   470    0x00 0x00 0x00 0x00 0x01 0x15                                                                                                                                              JL #NTT_stage_up
.delay_slot
	   476    0x00 0x00 0x02 0x60 0x00 0x55                                                                                                                                              MOVXM p1, #of_in_FIFO_cons_buff_0
.delay_slot
	   482    0x00 0xc0 0x08 0x00 0x00 0x01 0x18 0x00 0x10 0xbb                                MOVA r0, #6;                                                                              MOVXM p2, #_anonymous0
.delay_slot
	   492    0x01 0x80 0x48 0x00 0x00 0x01 0x98 0x00 0x10 0xbb                                MOVA r1, #12;                                                                             MOVXM p3, #of_in_factor_FIFO_cons_buff_0
.delay_slot
	   502    0x01 0x80 0x88 0x00 0x00 0x40 0x60 0x00 0x90 0xbb                                MOVA r2, #12;                                                                             MOVXM r3, #65537
.delay_slot
	   512    0x00 0x00 0x02 0x21 0x08 0x00 0x00 0x00 0x00 0xfc 0xa7 0xfe 0x10 0x00 0x03 0xc0  MOVA r4, #17;                 NOPB;                         NOPS;                         MOVXM r5, #262140;                                                    NOPV
.return_address
	   528    0x00 0x00 0x06 0x60 0x00 0x55                                                                                                                                              MOVXM p3, #of_in_factor_FIFO_cons_buff_0
.no_stack_arguments
	   534    0x00 0x00 0x00 0x00 0x01 0x15                                                                                                                                              JL #NTT_stage_up
.delay_slot
	   540    0x00 0x00 0x02 0x60 0x00 0x55                                                                                                                                              MOVXM p1, #of_in_FIFO_cons_buff_0
.delay_slot
	   546    0x00 0xe0 0x08 0x00 0x00 0x00 0x18 0x00 0x10 0xbb                                MOVA r0, #7;                                                                              MOVXM p0, #of_in_FIFO_cons_buff_0
.delay_slot
	   556    0x01 0x80 0x48 0x00 0x00 0x01 0x18 0x00 0x10 0xbb                                MOVA r1, #12;                                                                             MOVXM p2, #_anonymous0
.delay_slot
	   566    0x01 0x80 0x88 0x00 0x00 0x40 0x60 0x00 0x90 0xbb                                MOVA r2, #12;                                                                             MOVXM r3, #65537
.delay_slot
	   576    0x00 0x00 0x02 0x21 0x08 0x00 0x00 0x00 0x00 0xfc 0xa7 0xfe 0x10 0x00 0x03 0xc0  MOVA r4, #17;                 NOPB;                         NOPS;                         MOVXM r5, #262140;                                                    NOPV
.return_address
	   592    0x00 0x00 0x04 0x60 0x00 0x55                                                                                                                                              MOVXM p2, #_anonymous0
.no_stack_arguments
	   598    0x00 0x00 0x00 0x00 0x01 0x15                                                                                                                                              JL #NTT_stage_up
.delay_slot
	   604    0x00 0x00 0x02 0x60 0x00 0x55                                                                                                                                              MOVXM p1, #of_in_FIFO_cons_buff_0
.delay_slot
	   610    0x01 0x00 0x08 0x00 0x00 0x00 0x18 0x00 0x10 0xbb                                MOVA r0, #8;                                                                              MOVXM p0, #of_in_FIFO_cons_buff_0
.delay_slot
	   620    0x01 0x80 0x48 0x00 0x00 0x01 0x98 0x00 0x10 0xbb                                MOVA r1, #12;                                                                             MOVXM p3, #of_in_factor_FIFO_cons_buff_0
.delay_slot
	   630    0x01 0x80 0x88 0x00 0x00 0x40 0x60 0x00 0x90 0xbb                                MOVA r2, #12;                                                                             MOVXM r3, #65537
.delay_slot
	   640    0x00 0x00 0x02 0x21 0x08 0x00 0x00 0x00 0x00 0xfc 0xa7 0xfe 0x10 0x00 0x03 0xc0  MOVA r4, #17;                 NOPB;                         NOPS;                         MOVXM r5, #262140;                                                    NOPV
.return_address
	   656    0x00 0x00 0x00 0x60 0x00 0x55                                                                                                                                              MOVXM p0, #of_in_FIFO_cons_buff_0
.no_stack_arguments
	   662    0x00 0x00 0x00 0x00 0x01 0x15                                                                                                                                              JL #NTT_stage_up
.delay_slot
	   668    0x00 0x00 0x06 0x60 0x00 0x55                                                                                                                                              MOVXM p3, #of_in_factor_FIFO_cons_buff_0
.delay_slot
	   674    0x01 0x20 0x08 0x00 0x00 0x00 0x98 0x00 0x10 0xbb                                MOVA r0, #9;                                                                              MOVXM p1, #of_in_FIFO_cons_buff_0
.delay_slot
	   684    0x01 0x80 0x48 0x00 0x00 0x01 0x18 0x00 0x10 0xbb                                MOVA r1, #12;                                                                             MOVXM p2, #_anonymous0
.delay_slot
	   694    0x01 0x80 0x88 0x00 0x00 0x40 0x60 0x00 0x90 0xbb                                MOVA r2, #12;                                                                             MOVXM r3, #65537
.delay_slot
	   704    0x00 0x00 0x02 0x21 0x08 0x00 0x00 0x00 0x00 0xfc 0xa7 0xfe 0x10 0x00 0x03 0xc0  MOVA r4, #17;                 NOPB;                         NOPS;                         MOVXM r5, #262140;                                                    NOPV
.return_address
	   720    0x00 0x00 0x06 0x60 0x00 0x55                                                                                                                                              MOVXM p3, #of_in_factor_FIFO_cons_buff_0
.no_stack_arguments
	   726    0x00 0x00 0x00 0x00 0x01 0x15                                                                                                                                              JL #NTT_stage_up
.delay_slot
	   732    0x00 0x00 0x02 0x60 0x00 0x55                                                                                                                                              MOVXM p1, #of_in_FIFO_cons_buff_0
.delay_slot
	   738    0x01 0x40 0x08 0x00 0x00 0x00 0x18 0x00 0x10 0xbb                                MOVA r0, #10;                                                                             MOVXM p0, #of_in_FIFO_cons_buff_0
.delay_slot
	   748    0x01 0x80 0x48 0x00 0x00 0x01 0x18 0x00 0x10 0xbb                                MOVA r1, #12;                                                                             MOVXM p2, #_anonymous0
.delay_slot
	   758    0x01 0x80 0x88 0x00 0x00 0x40 0x60 0x00 0x90 0xbb                                MOVA r2, #12;                                                                             MOVXM r3, #65537
.delay_slot
	   768    0x00 0x00 0x02 0x21 0x08 0x00 0x00 0x00 0x00 0xfc 0xa7 0xfe 0x10 0x00 0x03 0xc0  MOVA r4, #17;                 NOPB;                         NOPS;                         MOVXM r5, #262140;                                                    NOPV
.return_address
	   784    0x00 0x00 0x04 0x60 0x00 0x55                                                                                                                                              MOVXM p2, #_anonymous0
.no_stack_arguments
	   790    0x00 0x00 0x00 0x00 0x01 0x15                                                                                                                                              JL #NTT_stage_up
.delay_slot
	   796    0x00 0x00 0x06 0x60 0x00 0x55                                                                                                                                              MOVXM p3, #of_in_factor_FIFO_cons_buff_0
.delay_slot
	   802    0x01 0x60 0x08 0x00 0x00 0x00 0x98 0x00 0x10 0xbb                                MOVA r0, #11;                                                                             MOVXM p1, #of_in_FIFO_cons_buff_0
.delay_slot
	   812    0x01 0x80 0x48 0x00 0x00 0x00 0x18 0x00 0x10 0xbb                                MOVA r1, #12;                                                                             MOVXM p0, #of_in_FIFO_cons_buff_0
.delay_slot
	   822    0x01 0x80 0x88 0x00 0x00 0x40 0x60 0x00 0x90 0xbb                                MOVA r2, #12;                                                                             MOVXM r3, #65537
.delay_slot
	   832    0x00 0x00 0x02 0x21 0x08 0x00 0x00 0x00 0x00 0xfc 0xa7 0xfe 0x10 0x00 0x03 0xc0  MOVA r4, #17;                 NOPB;                         NOPS;                         MOVXM r5, #262140;                                                    NOPV
.return_address
.no_stack_arguments
	   848    0x00 0x00 0x00 0x00 0x01 0x15                                                                                                                                              JL #llvm___aie2___acquire
.delay_slot
	   854    0x00 0x00 0x06 0x88 0x27 0xff 0xc8 0x43                                                                                                                                    MOVX r0, #52;                 MOV r1, #-1
.delay_slot
.swstall delay_slot
	   862    0x00 0x01                                                                        NOPX
.delay_slot
.swstall delay_slot
	   864    0x00 0x01                                                                        NOPX
.delay_slot
.swstall delay_slot
	   866    0x00 0x01                                                                        NOPX
.delay_slot
.swstall delay_slot
	   868    0x00 0x00 0x00 0x00 0x00 0x00 0x00 0x00 0x00 0x00 0x01 0x37                      NOPA;                         NOPB;                         NOPS;                         NOPX
.return_address
	   880    0x00 0x03 0xf2 0x9f 0xf8 0x55                                                                                                                                              MOVXM r5, #262140
.no_stack_arguments
	   886    0x00 0x00 0x00 0x00 0x01 0x15                                                                                                                                              JL #NTT_stage_up
.delay_slot
	   892    0x00 0x01 0x01 0x80 0x02 0x55                                                                                                                                              MOVXM r3, #65537
.delay_slot
	   898    0x02 0x21 0x08 0x00 0x00 0x01 0x18 0x00 0x10 0xbb                                MOVA r4, #17;                                                                             MOVXM p2, #_anonymous0
.delay_slot
	   908    0x01 0x80 0x48 0x00 0x00 0x01 0x98 0x00 0x10 0xbb                                MOVA r1, #12;                                                                             MOVXM p3, #of_in_factor_FIFO_cons_buff_0
.delay_slot
	   918    0x01 0x80 0x88 0x00 0x00 0x00 0x98 0x00 0x10 0xbb                                MOVA r2, #12;                                                                             MOVXM p1, #out_buff_0
.delay_slot
	   928    0x00 0x00 0x01 0x80 0x08 0x00 0x00 0x00 0x00 0x00 0x18 0x00 0x10 0x00 0x03 0xc0  MOVA r0, #12;                 NOPB;                         NOPS;                         MOVXM p0, #of_in_FIFO_cons_buff_0;                                    NOPV
.return_address
.no_stack_arguments
	   944    0x00 0x00 0x00 0x00 0x01 0x15                                                                                                                                              JL #llvm___aie2___release
.delay_slot
	   950    0x00 0x00 0x06 0xa8 0x20 0x03 0xc8 0x43                                                                                                                                    MOVX r0, #53;                 MOV r1, #1
.delay_slot
.swstall delay_slot
	   958    0x00 0x01                                                                        NOPX
.delay_slot
.swstall delay_slot
	   960    0x00 0x01                                                                        NOPX
.delay_slot
.swstall delay_slot
	   962    0x00 0x01                                                                        NOPX
.delay_slot
.swstall delay_slot
	   964    0x00 0x00 0x00 0x00 0x00 0x00 0x00 0x00 0x00 0x00 0x01 0x37                      NOPA;                         NOPB;                         NOPS;                         NOPX
.return_address
.no_stack_arguments
	   976    0x00 0x00 0x00 0x00 0x01 0x15                                                                                                                                              JL #llvm___aie2___release
.delay_slot
	   982    0x00 0x00 0x06 0x08 0x20 0x03 0xc8 0x43                                                                                                                                    MOVX r0, #48;                 MOV r1, #1
.delay_slot
.swstall delay_slot
	   990    0x00 0x01                                                                        NOPX
.delay_slot
.swstall delay_slot
	   992    0x00 0x01                                                                        NOPX
.delay_slot
.swstall delay_slot
	   994    0x00 0x01                                                                        NOPX
.delay_slot
.swstall delay_slot
	   996    0x00 0x00 0x00 0x00 0x00 0x00 0x00 0x00 0x00 0x00 0x01 0x37                      NOPA;                         NOPB;                         NOPS;                         NOPX
.return_address
.no_stack_arguments
	  1008    0x00 0x00 0x00 0x00 0x01 0x15                                                                                                                                              JL #llvm___aie2___release
.delay_slot
	  1014    0x00 0x00 0x06 0x48 0x20 0x03 0xc8 0x43                                                                                                                                    MOVX r0, #50;                 MOV r1, #1
.delay_slot
.swstall delay_slot
	  1022    0x00 0x01                                                                        NOPX
.delay_slot
.swstall delay_slot
	  1024    0x00 0x01                                                                        NOPX
.delay_slot
.swstall delay_slot
	  1026    0x00 0x01                                                                        NOPX
.delay_slot
.swstall delay_slot
	  1028    0x00 0x00 0x00 0x00 0x00 0x00 0x00 0x00 0x00 0x00 0x01 0x37                      NOPA;                         NOPB;                         NOPS;                         NOPX
.return_address
	  1040    0x00 0x21 0x00 0x3b 0x00 0x03 0x48 0x43                                                                                                                                    ADD r16, r16, #1;             MOV r24, #0
	  1048    0x14 0x63 0x82 0x99                                                                                                                                                        ADC r17, r17, r24
	  1052    0x7f 0xff 0xfc 0x1f 0xfe 0x55                                                                                                                                              MOVXM r24, #2147483647
	  1058    0x14 0x71 0x88 0x99                                                                                                                                                        NE r24, r17, r24
	  1062    0x14 0xb3 0x08 0x99                                                                                                                                                        NE r25, r18, r16
	  1066    0x16 0x71 0x85 0x99                                                                                                                                                        OR r24, r25, r24
	  1070    0xc0 0x00 0x28 0x40 0x01 0x95                                                                                                                                              JNZ r24, #TGT_Fcore_0_2_80
.delay_slot
.swstall delay_slot
	  1076    0x00 0x01                                                                        NOPX
.delay_slot
.swstall delay_slot
	  1078    0x00 0x01                                                                        NOPX
.delay_slot
.swstall delay_slot
	  1080    0x00 0x01                                                                        NOPX
.delay_slot
.swstall delay_slot
	  1082    0x00 0x01                                                                        NOPX
.delay_slot
.swstall delay_slot
	  1084    0x00 0x01                                                                        NOPX
.loop_nesting 0
	  1086    0x07 0xfa 0xc2 0xd9                                                              LDA lr, [sp, #-44]
	  1090    0x07 0xfb 0x62 0x59                                                              LDA r17, [sp, #-40]
	  1094    0x07 0xfb 0xe4 0x59                                                              LDA r18, [sp, #-36]
	  1098    0x07 0xff 0xe0 0x59                                                              LDA r16, [sp, #-4]
	  1102    0x07 0xff 0x66 0x59                                                              LDA r19, [sp, #-8]
	  1106    0x07 0xfe 0xea 0x59                                                              LDA r21, [sp, #-12]
	  1110    0x07 0xfe 0x6c 0x59                                                              LDA r22, [sp, #-16]
	  1114    0x07 0xfd 0xee 0x59                                                              LDA r23, [sp, #-20]
	  1118    0x07 0xfd 0x68 0x59                                                              LDA r20, [sp, #-24]
	  1122    0x07 0xfc 0xfe 0xd9                                                              LDA p7, [sp, #-28]
	  1126    0x07 0xfc 0x76 0xd9                                                              LDA p6, [sp, #-32]
	  1130    0x10 0x00 0x18 0x19                                                                                                                                                        RET lr
.delay_slot
.swstall delay_slot
	  1134    0x00 0x01                                                                        NOPX
.delay_slot
.swstall delay_slot
	  1136    0x00 0x01                                                                        NOPX
.delay_slot
.swstall delay_slot
	  1138    0x00 0x01                                                                        NOPX
.delay_slot
.swstall delay_slot
	  1140    0x00 0x01                                                                        NOPX
.label core_0_2__end last
.delay_slot
	  1142    0x00 0x00 0x07 0xff 0xc0 0x00 0x00 0x03 0x8e 0xbb                                NOPA;                         PADDB [sp], #-64;                                                                         NOPM

.undef global data of_in_FIFO_cons_buff_0

.undef global data _anonymous0

.undef global data of_in_factor_FIFO_cons_buff_0

.undef global data out_buff_0

.undef global text llvm___aie2___acquire

.undef global text NTT_stage_down

.undef global text NTT_stage_up

.undef global text llvm___aie2___release

.text_segment_name
.text global 10 llvm___aie2___acquire
.function_start
	     0    0x10 0x12 0x12 0x19                                                                                                                                                        ACQ r0, r1
	     4    0x10 0x00 0x18 0x19                                                                                                                                                        RET lr
.delay_slot
.swstall delay_slot
	     8    0x00 0x01                                                                        NOPX
.delay_slot
.swstall delay_slot
	    10    0x00 0x01                                                                        NOPX
.delay_slot
.swstall delay_slot
	    12    0x00 0x01                                                                        NOPX
.delay_slot
.swstall delay_slot
	    14    0x00 0x01                                                                        NOPX
.label llvm___aie2___acquire__end last
.delay_slot
.swstall delay_slot
	    16    0x00 0x00 0x00 0x00 0x00 0x00 0x00 0x00 0x00 0x00 0x00 0x03 0x88 0x00 0x03 0xc0  NOPA;                         NOPB;                         NOPS;                         NOPX;                         NOPM;                                   NOPV

.text_segment_name
.text global 10 llvm___aie2___release
.function_start
	     0    0x00 0x01                                                                        NOPX
	     2    0x00 0x01                                                                        NOPX
	     4    0x00 0x01                                                                        NOPX
	     6    0x00 0x01                                                                        NOPX
	     8    0x00 0x01                                                                        NOPX
	    10    0x00 0x01                                                                        NOPX
	    12    0x10 0x10 0x12 0x19                                                                                                                                                        REL r0, r1
	    16    0x10 0x00 0x18 0x19                                                                                                                                                        RET lr
.delay_slot
.swstall delay_slot
	    20    0x00 0x01                                                                        NOPX
.delay_slot
.swstall delay_slot
	    22    0x00 0x01                                                                        NOPX
.delay_slot
.swstall delay_slot
	    24    0x00 0x01                                                                        NOPX
.delay_slot
.swstall delay_slot
	    26    0x00 0x01                                                                        NOPX
.label llvm___aie2___release__end last
.delay_slot
.swstall delay_slot
	    28    0x00 0x00 0x00 0x19                                                              NOPA

.text_segment_name
.text global 10 llvm___aie___event0
.function_start
	     0    0x10 0x00 0x18 0x19                                                                                                                                                        RET lr
.delay_slot
	     4    0x10 0x00 0x10 0x19                                                                                                                                                        EVENT #0
.delay_slot
.swstall delay_slot
	     8    0x00 0x01                                                                        NOPX
.delay_slot
.swstall delay_slot
	    10    0x00 0x01                                                                        NOPX
.delay_slot
.swstall delay_slot
	    12    0x00 0x01                                                                        NOPX
.label llvm___aie___event0__end last
.delay_slot
.swstall delay_slot
	    14    0x00 0x01                                                                        NOPX

.text_segment_name
.text global 10 llvm___aie___event1
.function_start
	     0    0x10 0x00 0x18 0x19                                                                                                                                                        RET lr
.delay_slot
	     4    0x12 0x00 0x10 0x19                                                                                                                                                        EVENT #1
.delay_slot
.swstall delay_slot
	     8    0x00 0x01                                                                        NOPX
.delay_slot
.swstall delay_slot
	    10    0x00 0x01                                                                        NOPX
.delay_slot
.swstall delay_slot
	    12    0x00 0x01                                                                        NOPX
.label llvm___aie___event1__end last
.delay_slot
.swstall delay_slot
	    14    0x00 0x01                                                                        NOPX

